
# A fatal error has been detected by the Java Runtime Environment:
#
#  EXCEPTION_SINGLE_STEP (0x80000004) at pc=0x00000000549cc333, pid=27728, tid=0x0000000000005a14
#
# JRE version: Java(TM) SE Runtime Environment (8.0_181-b13) (build 1.8.0_181-b13)
# Java VM: Java HotSpot(TM) 64-Bit Server VM (25.181-b13 mixed mode windows-amd64 compressed oops)
# Problematic frame:
# C  [msvcr100.dll+0x3c333]
#
# Failed to write core dump. Minidumps are not enabled by default on client versions of Windows
#
# If you would like to submit a bug report, please visit:
#   http://bugreport.java.com/bugreport/crash.jsp
#

---------------  T H R E A D  ---------------

Current thread (0x0000000003623800):  JavaThread "main" [_thread_in_vm, id=23060, stack(0x0000000003520000,0x0000000003620000)]

siginfo: ExceptionCode=0x80000004

Registers:
RAX=0x000000001cc5d720, RBX=0x000000001cc5d720, RCX=0x000000001cc5e0a0, RDX=0x0000000000000000
RSP=0x000000000361c7b8, RBP=0x0000000000000001, RSI=0x000000000364a390, RDI=0x0000000000000aa8
R8 =0x0000000000000028, R9 =0x0000000000000004, R10=0x0000000000000000, R11=0x0000000000000001
R12=0x0000000003623800, R13=0x000000000000000b, R14=0x000000000000014b, R15=0x000000001ec5f240
RIP=0x00000000549cc333, EFLAGS=0x0000000000000202

Top of Stack: (sp=0x000000000361c7b8)
0x000000000361c7b8:   000000005388755f 0000000000000000
0x000000000361c7c8:   0000000000000001 000000000364a390
0x000000000361c7d8:   000000005493a696 0000000003648760
0x000000000361c7e8:   0000000000000000 000000000361cf40
0x000000000361c7f8:   0000000003623800 000000001cc5d5c8
0x000000000361c808:   000000005386e06b 000000000364a390
0x000000000361c818:   0000000003623800 000000000000014b
0x000000000361c828:   00000000537bd03c 0000000003623800
0x000000000361c838:   000000000361c9f0 0000000003623800
0x000000000361c848:   0000000053898395 0000000003623800
0x000000000361c858:   000000000364a390 000000000000014b
0x000000000361c868:   0000000003623800 000000000000000b
0x000000000361c878:   0000000003623800 0000000000000000
0x000000000361c888:   00000000537f4da4 000000000000014b
0x000000000361c898:   000000000361c990 000000000361cae8
0x000000000361c8a8:   00007ff9806e6770 0000fd6e6655949b 

Instructions: (pc=0x00000000549cc333)
0x00000000549cc313:   48 ff c1 49 ff c8 75 f6 c3 0f 1f 40 00 66 66 66
0x00000000549cc323:   90 66 66 90 49 81 f9 00 1c 00 00 73 30 48 89 11
0x00000000549cc333:   48 89 51 08 48 89 51 10 48 83 c1 40 48 89 51 d8
0x00000000549cc343:   48 89 51 e0 49 ff c9 48 89 51 e8 48 89 51 f0 48 


Register to memory mapping:

RAX=0x000000001cc5d720 is pointing into metadata
RBX=0x000000001cc5d720 is pointing into metadata
RCX=0x000000001cc5e0a0 is pointing into metadata
RDX=0x0000000000000000 is an unknown value
RSP=0x000000000361c7b8 is pointing into the stack for thread: 0x0000000003623800
RBP=0x0000000000000001 is an unknown value
RSI=0x000000000364a390 is an unknown value
RDI=0x0000000000000aa8 is an unknown value
R8 =0x0000000000000028 is an unknown value
R9 =0x0000000000000004 is an unknown value
R10=0x0000000000000000 is an unknown value
R11=0x0000000000000001 is an unknown value
R12=0x0000000003623800 is a thread
R13=0x000000000000000b is an unknown value
R14=0x000000000000014b is an unknown value
R15=0x000000001ec5f240 is an unknown value


Stack: [0x0000000003520000,0x0000000003620000],  sp=0x000000000361c7b8,  free space=1009k
Native frames: (J=compiled Java code, j=interpreted, Vv=VM code, C=native code)
C  [msvcr100.dll+0x3c333]
V  [jvm.dll+0xe755f]
V  [jvm.dll+0xce06b]
V  [jvm.dll+0xf8395]
V  [jvm.dll+0x54da4]
V  [jvm.dll+0x5d1b0]
V  [jvm.dll+0x60193]
V  [jvm.dll+0x7d099]
V  [jvm.dll+0x7d974]
V  [jvm.dll+0x7f046]
V  [jvm.dll+0x7f09d]
V  [jvm.dll+0xf88c3]
V  [jvm.dll+0xbc7e3]
V  [jvm.dll+0xbc99f]
C  0x0000000003746107

Java frames: (J=compiled Java code, j=interpreted, Vv=VM code)
j  sun.security.util.DisabledAlgorithmConstraints.<init>(Ljava/lang/String;Lsun/security/util/AlgorithmDecomposer;)V+14
j  sun.security.util.DisabledAlgorithmConstraints.<init>(Ljava/lang/String;)V+9
j  sun.security.util.SignatureFileVerifier.<clinit>()V+14
v  ~StubRoutines::call_stub
j  java.util.jar.JarFile.initializeVerifier()V+42
j  java.util.jar.JarFile.getInputStream(Ljava/util/zip/ZipEntry;)Ljava/io/InputStream;+25
j  sun.misc.URLClassPath$JarLoader$2.getInputStream()Ljava/io/InputStream;+11
j  sun.misc.Resource.cachedInputStream()Ljava/io/InputStream;+9
j  sun.misc.Resource.getByteBuffer()Ljava/nio/ByteBuffer;+1
j  java.net.URLClassLoader.defineClass(Ljava/lang/String;Lsun/misc/Resource;)Ljava/lang/Class;+50
j  java.net.URLClassLoader.access$100(Ljava/net/URLClassLoader;Ljava/lang/String;Lsun/misc/Resource;)Ljava/lang/Class;+3
j  java.net.URLClassLoader$1.run()Ljava/lang/Class;+43
j  java.net.URLClassLoader$1.run()Ljava/lang/Object;+1
v  ~StubRoutines::call_stub
j  java.security.AccessController.doPrivileged(Ljava/security/PrivilegedExceptionAction;Ljava/security/AccessControlContext;)Ljava/lang/Object;+0
j  java.net.URLClassLoader.findClass(Ljava/lang/String;)Ljava/lang/Class;+13
j  java.lang.ClassLoader.loadClass(Ljava/lang/String;Z)Ljava/lang/Class;+70
j  sun.misc.Launcher$AppClassLoader.loadClass(Ljava/lang/String;Z)Ljava/lang/Class;+81
j  java.lang.ClassLoader.loadClass(Ljava/lang/String;)Ljava/lang/Class;+3
j  sun.launcher.LauncherHelper.checkAndLoadMain(ZILjava/lang/String;)Ljava/lang/Class;+93
v  ~StubRoutines::call_stub

---------------  P R O C E S S  ---------------

Java Threads: ( => current thread )
  0x000000001ebc4800 JavaThread "Service Thread" daemon [_thread_blocked, id=25704, stack(0x0000000020430000,0x0000000020530000)]
  0x000000001eb38800 JavaThread "C1 CompilerThread3" daemon [_thread_blocked, id=28260, stack(0x0000000020330000,0x0000000020430000)]
  0x000000001eb36800 JavaThread "C2 CompilerThread2" daemon [_thread_blocked, id=1536, stack(0x0000000020230000,0x0000000020330000)]
  0x000000001eb2e800 JavaThread "C2 CompilerThread1" daemon [_thread_blocked, id=28568, stack(0x0000000020130000,0x0000000020230000)]
  0x000000001eb24800 JavaThread "C2 CompilerThread0" daemon [_thread_blocked, id=9712, stack(0x0000000020030000,0x0000000020130000)]
  0x000000001ead2000 JavaThread "Attach Listener" daemon [_thread_blocked, id=23572, stack(0x000000001ff30000,0x0000000020030000)]
  0x000000001ead1000 JavaThread "Signal Dispatcher" daemon [_thread_blocked, id=26716, stack(0x000000001fe30000,0x000000001ff30000)]
  0x000000000371e800 JavaThread "Finalizer" daemon [_thread_blocked, id=4480, stack(0x000000001fd30000,0x000000001fe30000)]
  0x000000000371d000 JavaThread "Reference Handler" daemon [_thread_blocked, id=25232, stack(0x000000001fc30000,0x000000001fd30000)]
=>0x0000000003623800 JavaThread "main" [_thread_in_vm, id=23060, stack(0x0000000003520000,0x0000000003620000)]

Other Threads:
  0x000000001d3c7000 VMThread [stack: 0x000000001fb30000,0x000000001fc30000] [id=28464]
  0x000000001eb97000 WatcherThread [stack: 0x0000000020530000,0x0000000020630000] [id=14772]

VM state:not at safepoint (normal execution)

VM Mutex/Monitor currently owned by a thread: None

Heap:
 PSYoungGen      total 76288K, used 2621K [0x000000076af00000, 0x0000000770400000, 0x00000007c0000000)
  eden space 65536K, 4% used [0x000000076af00000,0x000000076b18f5e8,0x000000076ef00000)
  from space 10752K, 0% used [0x000000076f980000,0x000000076f980000,0x0000000770400000)
  to   space 10752K, 0% used [0x000000076ef00000,0x000000076ef00000,0x000000076f980000)
 ParOldGen       total 175104K, used 0K [0x00000006c0c00000, 0x00000006cb700000, 0x000000076af00000)
  object space 175104K, 0% used [0x00000006c0c00000,0x00000006c0c00000,0x00000006cb700000)
 Metaspace       used 2860K, capacity 4480K, committed 4480K, reserved 1056768K
  class space    used 307K, capacity 384K, committed 384K, reserved 1048576K

Card table byte_map: [0x0000000012ae0000,0x00000000132e0000] byte_map_base: 0x000000000f4da000

Marking Bits: (ParMarkBitMap*) 0x0000000053fc2d00
 Begin Bits: [0x0000000014240000, 0x0000000018210000)
 End Bits:   [0x0000000018210000, 0x000000001c1e0000)

Polling page: 0x0000000001320000

CodeCache: size=245760Kb used=1107Kb max_used=1125Kb free=244652Kb
 bounds [0x0000000003720000, 0x0000000003990000, 0x0000000012720000]
 total_blobs=263 nmethods=26 adapters=152
 compilation: enabled

Compilation events (10 events):
Event: 0.123 Thread 0x000000001eb36800   24       4       sun.misc.ASCIICaseInsensitiveComparator::toLower (16 bytes)
Event: 0.123 Thread 0x000000001eb38800   22       3       java.util.jar.Attributes$Name::isValid (32 bytes)
Event: 0.123 Thread 0x000000001eb2e800   25       4       sun.misc.ASCIICaseInsensitiveComparator::isUpper (18 bytes)
Event: 0.123 Thread 0x000000001eb38800 nmethod 22 0x0000000003833710 code [0x0000000003833880, 0x0000000003833d10]
Event: 0.123 Thread 0x000000001eb38800   23       3       java.util.jar.Attributes$Name::isAlpha (30 bytes)
Event: 0.123 Thread 0x000000001eb2e800 nmethod 25 0x0000000003839690 code [0x00000000038397c0, 0x0000000003839818]
Event: 0.123 Thread 0x000000001eb36800 nmethod 24 0x00000000038350d0 code [0x0000000003835200, 0x0000000003835258]
Event: 0.123 Thread 0x000000001eb38800 nmethod 23 0x0000000003834cd0 code [0x0000000003834e20, 0x0000000003835050]
Event: 0.129 Thread 0x000000001eb38800   26       3       java.lang.String::<init> (82 bytes)
Event: 0.129 Thread 0x000000001eb38800 nmethod 26 0x0000000003834190 code [0x0000000003834360, 0x0000000003834858]

GC Heap History (0 events):
No events

Deoptimization events (0 events):
No events

Classes redefined (0 events):
No events

Internal exceptions (2 events):
Event: 0.036 Thread 0x0000000003623800 Exception <a 'java/lang/NoSuchMethodError': Method sun.misc.Unsafe.defineClass(Ljava/lang/String;[BII)Ljava/lang/Class; name or signature does not match> (0x000000076af07cb0) thrown at [C:\re\workspace\8-2-build-windows-amd64-cygwin\jdk8u181\11358\hotspot
Event: 0.036 Thread 0x0000000003623800 Exception <a 'java/lang/NoSuchMethodError': Method sun.misc.Unsafe.prefetchRead(Ljava/lang/Object;J)V name or signature does not match> (0x000000076af07f98) thrown at [C:\re\workspace\8-2-build-windows-amd64-cygwin\jdk8u181\11358\hotspot\src\share\vm\prim

Events (10 events):
Event: 0.125 loading class java/security/Security$1 done
Event: 0.126 loading class java/util/Properties$LineReader
Event: 0.126 loading class java/util/Properties$LineReader done
Event: 0.129 loading class java/util/ArrayList$SubList
Event: 0.129 loading class java/util/ArrayList$SubList done
Event: 0.129 loading class java/util/ArrayList$SubList$1
Event: 0.129 loading class java/util/ListIterator
Event: 0.129 loading class java/util/ListIterator done
Event: 0.129 loading class java/util/ArrayList$SubList$1 done
Event: 0.129 loading class sun/security/util/DisabledAlgorithmConstraints$Constraints


Dynamic libraries:
0x00007ff7cb320000 - 0x00007ff7cb357000 	C:\Program Files\Java\jdk1.8.0_181\jre\bin\java.exe
0x00007ff9806e0000 - 0x00007ff9808e7000 	C:\WINDOWS\SYSTEM32\ntdll.dll
0x00007ff97ef60000 - 0x00007ff97f01d000 	C:\WINDOWS\System32\KERNEL32.DLL
0x00007ff97de40000 - 0x00007ff97e1b4000 	C:\WINDOWS\System32\KERNELBASE.dll
0x00007ff97f740000 - 0x00007ff97f7ee000 	C:\WINDOWS\System32\ADVAPI32.dll
0x00007ff97eb10000 - 0x00007ff97ebb3000 	C:\WINDOWS\System32\msvcrt.dll
0x00007ff97ea70000 - 0x00007ff97eb0e000 	C:\WINDOWS\System32\sechost.dll
0x00007ff97e780000 - 0x00007ff97e8a0000 	C:\WINDOWS\System32\RPCRT4.dll
0x00007ff97e590000 - 0x00007ff97e73c000 	C:\WINDOWS\System32\USER32.dll
0x00007ff97dcf0000 - 0x00007ff97dd16000 	C:\WINDOWS\System32\win32u.dll
0x00007ff97f020000 - 0x00007ff97f049000 	C:\WINDOWS\System32\GDI32.dll
0x00007ff97dbd0000 - 0x00007ff97dce2000 	C:\WINDOWS\System32\gdi32full.dll
0x00007ff97e1c0000 - 0x00007ff97e25d000 	C:\WINDOWS\System32\msvcp_win.dll
0x00007ff97dd20000 - 0x00007ff97de31000 	C:\WINDOWS\System32\ucrtbase.dll
0x00007ff96a520000 - 0x00007ff96a7c5000 	C:\WINDOWS\WinSxS\amd64_microsoft.windows.common-controls_6595b64144ccf1df_6.0.22000.120_none_9d947278b86cc467\COMCTL32.dll
0x00007ff97e740000 - 0x00007ff97e771000 	C:\WINDOWS\System32\IMM32.DLL
0x0000000054990000 - 0x0000000054a62000 	C:\Program Files\Java\jdk1.8.0_181\jre\bin\msvcr100.dll
0x00000000537a0000 - 0x0000000054042000 	C:\Program Files\Java\jdk1.8.0_181\jre\bin\server\jvm.dll
0x00007ff97ebc0000 - 0x00007ff97ebc8000 	C:\WINDOWS\System32\PSAPI.DLL
0x00007ff9629a0000 - 0x00007ff9629a9000 	C:\WINDOWS\SYSTEM32\WSOCK32.dll
0x00007ff97eef0000 - 0x00007ff97ef5f000 	C:\WINDOWS\System32\WS2_32.dll
0x00007ff977830000 - 0x00007ff977863000 	C:\WINDOWS\SYSTEM32\WINMM.dll
0x00007ff975a50000 - 0x00007ff975a5a000 	C:\WINDOWS\SYSTEM32\VERSION.dll
0x0000000054980000 - 0x000000005498f000 	C:\Program Files\Java\jdk1.8.0_181\jre\bin\verify.dll
0x0000000054950000 - 0x0000000054979000 	C:\Program Files\Java\jdk1.8.0_181\jre\bin\java.dll
0x0000000054930000 - 0x0000000054946000 	C:\Program Files\Java\jdk1.8.0_181\jre\bin\zip.dll
0x00007ff97f930000 - 0x00007ff9800de000 	C:\WINDOWS\System32\SHELL32.dll
0x00007ff97bd40000 - 0x00007ff97c5a7000 	C:\WINDOWS\SYSTEM32\windows.storage.dll
0x00007ff97f220000 - 0x00007ff97f598000 	C:\WINDOWS\System32\combase.dll
0x00007ff97bbd0000 - 0x00007ff97bd36000 	C:\WINDOWS\SYSTEM32\wintypes.dll
0x00007ff97ed50000 - 0x00007ff97ee3a000 	C:\WINDOWS\System32\SHCORE.dll
0x00007ff97f7f0000 - 0x00007ff97f84d000 	C:\WINDOWS\System32\shlwapi.dll
0x00007ff97db00000 - 0x00007ff97db21000 	C:\WINDOWS\SYSTEM32\profapi.dll
0x00007ff97b820000 - 0x00007ff97ba41000 	C:\WINDOWS\SYSTEM32\dbghelp.dll
0x00007ff97e260000 - 0x00007ff97e2df000 	C:\WINDOWS\System32\bcryptPrimitives.dll

VM Arguments:
java_command: org.jetbrains.kotlin.cli.js.dce.K2JSDce @H:\ScreepsKotlin\build\20220126_6739912780019962324.compiler.options
java_class_path (initial): C:\Users\57072\.gradle\caches\modules-2\files-2.1\org.jetbrains.kotlin\kotlin-compiler-embeddable\1.4.10\38c4b99d5d5362debdd9302a866730379aa2328a\kotlin-compiler-embeddable-1.4.10.jar;C:\Users\57072\.gradle\caches\modules-2\files-2.1\org.jetbrains.kotlin\kotlin-reflect\1.4.10\e2b3c6695eee6085e606d96d685396dce23a3a06\kotlin-reflect-1.4.10.jar;C:\Users\57072\.gradle\caches\modules-2\files-2.1\org.jetbrains.kotlin\kotlin-stdlib\1.4.10\ea29e063d2bbe695be13e9d044dcfb0c7add398e\kotlin-stdlib-1.4.10.jar;C:\Users\57072\.gradle\caches\modules-2\files-2.1\org.jetbrains.kotlin\kotlin-script-runtime\1.4.10\7c19d9c2001e016cd7664cebe9eea66fc04a7f4f\kotlin-script-runtime-1.4.10.jar;C:\Users\57072\.gradle\caches\modules-2\files-2.1\org.jetbrains.kotlin\kotlin-daemon-embeddable\1.4.10\dbd67f42bed28043d17d7c860b06110a00a45970\kotlin-daemon-embeddable-1.4.10.jar;C:\Users\57072\.gradle\caches\modules-2\files-2.1\org.jetbrains.intellij.deps\trove4j\1.0.20181211\216c2e14b070f334479d800987affe4054cd563f\trove4j-1.0.20181211.jar;C:\Users\57072\.gradle\caches\modules-2\files-2.1\org.jetbrains.kotlin\kotlin-stdlib-common\1.4.10\6229be3465805c99db1142ad75e6c6ddeac0b04c\kotlin-stdlib-common-1.4.10.jar;C:\Users\57072\.gradle\caches\modules-2\files-2.1\org.jetbrains\annotations\13.0\919f0dfe192fb4e063e7dacadee7f8bb9a2672a9\annotations-13.0.jar
Launcher Type: SUN_STANDARD

Environment Variables:
USERNAME=57072
OS=Windows_NT
PROCESSOR_IDENTIFIER=AMD64 Family 23 Model 113 Stepping 0, AuthenticAMD



---------------  S Y S T E M  ---------------

OS: Windows 10.0 , 64 bit Build 22000 (10.0.22000.434)

CPU:total 12 (initial active 12) (12 cores per cpu, 1 threads per core) family 23 model 113 stepping 0, cmov, cx8, fxsr, mmx, sse, sse2, sse3, ssse3, sse4.1, sse4.2, popcnt, avx, avx2, aes, clmul, mmxext, 3dnowpref, lzcnt, sse4a, tsc, tscinvbit, tscinv, bmi1

Memory: 4k page, physical 16725212k(3427716k free), swap 33025720k(4626500k free)

vm_info: Java HotSpot(TM) 64-Bit Server VM (25.181-b13) for windows-amd64 JRE (1.8.0_181-b13), built on Jul  7 2018 04:01:33 by "java_re" with MS VC++ 10.0 (VS2010)

time: Wed Jan 26 00:46:07 2022
elapsed time: 0 seconds (0d 0h 0m 0s)

